
*** Running vivado
    with args -log sqrt_cordic.vds -m64 -product Vivado -mode batch -messageDb vivado.pb -notrace -source sqrt_cordic.tcl



****** Vivado v2024.2 (64-bit)
  **** SW Build 5239630 on Fri Nov 08 22:35:27 MST 2024
  **** IP Build 5239520 on Sun Nov 10 16:12:51 MST 2024
  **** SharedData Build 5239561 on Fri Nov 08 14:39:27 MST 2024
  **** Start of session at: Thu Jun  5 14:43:24 2025
    ** Copyright 1986-2022 Xilinx, Inc. All Rights Reserved.
    ** Copyright 2022-2024 Advanced Micro Devices, Inc. All Rights Reserved.

source sqrt_cordic.tcl -notrace
create_project: Time (s): cpu = 00:00:05 ; elapsed = 00:00:06 . Memory (MB): peak = 618.320 ; gain = 189.148
INFO: [IP_Flow 19-6924] IPCACHE: Running cache check for IP inst: sqrt_cordic
Command: synth_design -top sqrt_cordic -part xc7a100tcsg324-1 -incremental_mode off -mode out_of_context
Starting synth_design
Attempting to get a license for feature 'Synthesis' and/or device 'xc7a100t'
INFO: [Common 17-349] Got license for feature 'Synthesis' and/or device 'xc7a100t'
INFO: [Device 21-403] Loading part xc7a100tcsg324-1
INFO: [Synth 8-7079] Multithreading enabled for synth_design using a maximum of 2 processes.
INFO: [Synth 8-7078] Launching helper process for spawning children vivado processes
INFO: [Synth 8-7075] Helper process launched with PID 59672
---------------------------------------------------------------------------------
Starting RTL Elaboration : Time (s): cpu = 00:00:07 ; elapsed = 00:00:07 . Memory (MB): peak = 1299.762 ; gain = 467.234
---------------------------------------------------------------------------------
INFO: [Synth 8-638] synthesizing module 'sqrt_cordic' [c:/Users/moham/Desktop/Fpga/Experiment_3/Experiment_3.gen/sources_1/ip/sqrt_cordic/synth/sqrt_cordic.vhd:73]
	Parameter C_ARCHITECTURE bound to: 2 - type: integer 
	Parameter C_CORDIC_FUNCTION bound to: 6 - type: integer 
	Parameter C_COARSE_ROTATE bound to: 0 - type: integer 
	Parameter C_DATA_FORMAT bound to: 1 - type: integer 
	Parameter C_XDEVICEFAMILY bound to: artix7 - type: string 
	Parameter C_HAS_ACLKEN bound to: 0 - type: integer 
	Parameter C_HAS_ACLK bound to: 1 - type: integer 
	Parameter C_HAS_S_AXIS_CARTESIAN bound to: 1 - type: integer 
	Parameter C_HAS_S_AXIS_PHASE bound to: 0 - type: integer 
	Parameter C_HAS_ARESETN bound to: 0 - type: integer 
	Parameter C_INPUT_WIDTH bound to: 33 - type: integer 
	Parameter C_ITERATIONS bound to: 0 - type: integer 
	Parameter C_OUTPUT_WIDTH bound to: 16 - type: integer 
	Parameter C_PHASE_FORMAT bound to: 0 - type: integer 
	Parameter C_PIPELINE_MODE bound to: -1 - type: integer 
	Parameter C_PRECISION bound to: 0 - type: integer 
	Parameter C_ROUND_MODE bound to: 0 - type: integer 
	Parameter C_SCALE_COMP bound to: 0 - type: integer 
	Parameter C_THROTTLE_SCHEME bound to: 2 - type: integer 
	Parameter C_TLAST_RESOLUTION bound to: 1 - type: integer 
	Parameter C_HAS_S_AXIS_PHASE_TUSER bound to: 0 - type: integer 
	Parameter C_HAS_S_AXIS_PHASE_TLAST bound to: 0 - type: integer 
	Parameter C_S_AXIS_PHASE_TDATA_WIDTH bound to: 40 - type: integer 
	Parameter C_S_AXIS_PHASE_TUSER_WIDTH bound to: 1 - type: integer 
	Parameter C_HAS_S_AXIS_CARTESIAN_TUSER bound to: 0 - type: integer 
	Parameter C_HAS_S_AXIS_CARTESIAN_TLAST bound to: 1 - type: integer 
	Parameter C_S_AXIS_CARTESIAN_TDATA_WIDTH bound to: 40 - type: integer 
	Parameter C_S_AXIS_CARTESIAN_TUSER_WIDTH bound to: 1 - type: integer 
	Parameter C_M_AXIS_DOUT_TDATA_WIDTH bound to: 16 - type: integer 
	Parameter C_M_AXIS_DOUT_TUSER_WIDTH bound to: 1 - type: integer 
INFO: [Synth 8-3491] module 'cordic_v6_0_23' declared at 'c:/Users/moham/Desktop/Fpga/Experiment_3/Experiment_3.gen/sources_1/ip/sqrt_cordic/hdl/cordic_v6_0_vh_rfs.vhd:10026' bound to instance 'U0' of component 'cordic_v6_0_23' [c:/Users/moham/Desktop/Fpga/Experiment_3/Experiment_3.gen/sources_1/ip/sqrt_cordic/synth/sqrt_cordic.vhd:156]
INFO: [Synth 8-256] done synthesizing module 'sqrt_cordic' (0#1) [c:/Users/moham/Desktop/Fpga/Experiment_3/Experiment_3.gen/sources_1/ip/sqrt_cordic/synth/sqrt_cordic.vhd:73]
WARNING: [Synth 8-7129] Port SCLR in module delay__parameterized69 is either unconnected or has no load
WARNING: [Synth 8-7129] Port WE in module delay__parameterized67 is either unconnected or has no load
WARNING: [Synth 8-7129] Port CE in module delay__parameterized67 is either unconnected or has no load
WARNING: [Synth 8-7129] Port SCLR in module delay__parameterized67 is either unconnected or has no load
WARNING: [Synth 8-7129] Port CLK in module delay__parameterized67 is either unconnected or has no load
WARNING: [Synth 8-7129] Port clk in module c_addsub_v12_0_19_lut6_legacy__parameterized25 is either unconnected or has no load
WARNING: [Synth 8-7129] Port add in module c_addsub_v12_0_19_lut6_legacy__parameterized25 is either unconnected or has no load
WARNING: [Synth 8-7129] Port c_in in module c_addsub_v12_0_19_lut6_legacy__parameterized25 is either unconnected or has no load
WARNING: [Synth 8-7129] Port ce in module c_addsub_v12_0_19_lut6_legacy__parameterized25 is either unconnected or has no load
WARNING: [Synth 8-7129] Port bypass in module c_addsub_v12_0_19_lut6_legacy__parameterized25 is either unconnected or has no load
WARNING: [Synth 8-7129] Port aclr in module c_addsub_v12_0_19_lut6_legacy__parameterized25 is either unconnected or has no load
WARNING: [Synth 8-7129] Port aset in module c_addsub_v12_0_19_lut6_legacy__parameterized25 is either unconnected or has no load
WARNING: [Synth 8-7129] Port ainit in module c_addsub_v12_0_19_lut6_legacy__parameterized25 is either unconnected or has no load
WARNING: [Synth 8-7129] Port sclr in module c_addsub_v12_0_19_lut6_legacy__parameterized25 is either unconnected or has no load
WARNING: [Synth 8-7129] Port sset in module c_addsub_v12_0_19_lut6_legacy__parameterized25 is either unconnected or has no load
WARNING: [Synth 8-7129] Port sinit in module c_addsub_v12_0_19_lut6_legacy__parameterized25 is either unconnected or has no load
WARNING: [Synth 8-7129] Port c_in in module c_addsub_v12_0_19_legacy__parameterized25 is either unconnected or has no load
WARNING: [Synth 8-7129] Port b_in in module c_addsub_v12_0_19_legacy__parameterized25 is either unconnected or has no load
WARNING: [Synth 8-7129] Port a_signed in module c_addsub_v12_0_19_legacy__parameterized25 is either unconnected or has no load
WARNING: [Synth 8-7129] Port b_signed in module c_addsub_v12_0_19_legacy__parameterized25 is either unconnected or has no load
WARNING: [Synth 8-7129] Port C_IN in module c_addsub_v12_0_19_viv__parameterized25 is either unconnected or has no load
WARNING: [Synth 8-7129] Port rem_out[16] in module cordic_sqrt_mod__parameterized25 is either unconnected or has no load
WARNING: [Synth 8-7129] Port rem_out[15] in module cordic_sqrt_mod__parameterized25 is either unconnected or has no load
WARNING: [Synth 8-7129] Port rem_out[14] in module cordic_sqrt_mod__parameterized25 is either unconnected or has no load
WARNING: [Synth 8-7129] Port rem_out[13] in module cordic_sqrt_mod__parameterized25 is either unconnected or has no load
WARNING: [Synth 8-7129] Port rem_out[12] in module cordic_sqrt_mod__parameterized25 is either unconnected or has no load
WARNING: [Synth 8-7129] Port rem_out[11] in module cordic_sqrt_mod__parameterized25 is either unconnected or has no load
WARNING: [Synth 8-7129] Port rem_out[10] in module cordic_sqrt_mod__parameterized25 is either unconnected or has no load
WARNING: [Synth 8-7129] Port rem_out[9] in module cordic_sqrt_mod__parameterized25 is either unconnected or has no load
WARNING: [Synth 8-7129] Port rem_out[8] in module cordic_sqrt_mod__parameterized25 is either unconnected or has no load
WARNING: [Synth 8-7129] Port rem_out[7] in module cordic_sqrt_mod__parameterized25 is either unconnected or has no load
WARNING: [Synth 8-7129] Port rem_out[6] in module cordic_sqrt_mod__parameterized25 is either unconnected or has no load
WARNING: [Synth 8-7129] Port rem_out[5] in module cordic_sqrt_mod__parameterized25 is either unconnected or has no load
WARNING: [Synth 8-7129] Port rem_out[4] in module cordic_sqrt_mod__parameterized25 is either unconnected or has no load
WARNING: [Synth 8-7129] Port rem_out[3] in module cordic_sqrt_mod__parameterized25 is either unconnected or has no load
WARNING: [Synth 8-7129] Port rem_out[2] in module cordic_sqrt_mod__parameterized25 is either unconnected or has no load
WARNING: [Synth 8-7129] Port rem_out[1] in module cordic_sqrt_mod__parameterized25 is either unconnected or has no load
WARNING: [Synth 8-7129] Port rem_out[0] in module cordic_sqrt_mod__parameterized25 is either unconnected or has no load
WARNING: [Synth 8-7129] Port WE in module delay__parameterized65 is either unconnected or has no load
WARNING: [Synth 8-7129] Port CE in module delay__parameterized65 is either unconnected or has no load
WARNING: [Synth 8-7129] Port SCLR in module delay__parameterized65 is either unconnected or has no load
WARNING: [Synth 8-7129] Port CLK in module delay__parameterized65 is either unconnected or has no load
WARNING: [Synth 8-7129] Port clk in module c_addsub_v12_0_19_lut6_legacy__parameterized23 is either unconnected or has no load
WARNING: [Synth 8-7129] Port add in module c_addsub_v12_0_19_lut6_legacy__parameterized23 is either unconnected or has no load
WARNING: [Synth 8-7129] Port c_in in module c_addsub_v12_0_19_lut6_legacy__parameterized23 is either unconnected or has no load
WARNING: [Synth 8-7129] Port ce in module c_addsub_v12_0_19_lut6_legacy__parameterized23 is either unconnected or has no load
WARNING: [Synth 8-7129] Port bypass in module c_addsub_v12_0_19_lut6_legacy__parameterized23 is either unconnected or has no load
WARNING: [Synth 8-7129] Port aclr in module c_addsub_v12_0_19_lut6_legacy__parameterized23 is either unconnected or has no load
WARNING: [Synth 8-7129] Port aset in module c_addsub_v12_0_19_lut6_legacy__parameterized23 is either unconnected or has no load
WARNING: [Synth 8-7129] Port ainit in module c_addsub_v12_0_19_lut6_legacy__parameterized23 is either unconnected or has no load
WARNING: [Synth 8-7129] Port sclr in module c_addsub_v12_0_19_lut6_legacy__parameterized23 is either unconnected or has no load
WARNING: [Synth 8-7129] Port sset in module c_addsub_v12_0_19_lut6_legacy__parameterized23 is either unconnected or has no load
WARNING: [Synth 8-7129] Port sinit in module c_addsub_v12_0_19_lut6_legacy__parameterized23 is either unconnected or has no load
WARNING: [Synth 8-7129] Port c_in in module c_addsub_v12_0_19_legacy__parameterized23 is either unconnected or has no load
WARNING: [Synth 8-7129] Port b_in in module c_addsub_v12_0_19_legacy__parameterized23 is either unconnected or has no load
WARNING: [Synth 8-7129] Port a_signed in module c_addsub_v12_0_19_legacy__parameterized23 is either unconnected or has no load
WARNING: [Synth 8-7129] Port b_signed in module c_addsub_v12_0_19_legacy__parameterized23 is either unconnected or has no load
WARNING: [Synth 8-7129] Port C_IN in module c_addsub_v12_0_19_viv__parameterized23 is either unconnected or has no load
WARNING: [Synth 8-7129] Port SCLR in module delay__parameterized51 is either unconnected or has no load
WARNING: [Synth 8-7129] Port clk in module c_addsub_v12_0_19_lut6_legacy__parameterized21 is either unconnected or has no load
WARNING: [Synth 8-7129] Port add in module c_addsub_v12_0_19_lut6_legacy__parameterized21 is either unconnected or has no load
WARNING: [Synth 8-7129] Port c_in in module c_addsub_v12_0_19_lut6_legacy__parameterized21 is either unconnected or has no load
WARNING: [Synth 8-7129] Port ce in module c_addsub_v12_0_19_lut6_legacy__parameterized21 is either unconnected or has no load
WARNING: [Synth 8-7129] Port bypass in module c_addsub_v12_0_19_lut6_legacy__parameterized21 is either unconnected or has no load
WARNING: [Synth 8-7129] Port aclr in module c_addsub_v12_0_19_lut6_legacy__parameterized21 is either unconnected or has no load
WARNING: [Synth 8-7129] Port aset in module c_addsub_v12_0_19_lut6_legacy__parameterized21 is either unconnected or has no load
WARNING: [Synth 8-7129] Port ainit in module c_addsub_v12_0_19_lut6_legacy__parameterized21 is either unconnected or has no load
WARNING: [Synth 8-7129] Port sclr in module c_addsub_v12_0_19_lut6_legacy__parameterized21 is either unconnected or has no load
WARNING: [Synth 8-7129] Port sset in module c_addsub_v12_0_19_lut6_legacy__parameterized21 is either unconnected or has no load
WARNING: [Synth 8-7129] Port sinit in module c_addsub_v12_0_19_lut6_legacy__parameterized21 is either unconnected or has no load
WARNING: [Synth 8-7129] Port c_in in module c_addsub_v12_0_19_legacy__parameterized21 is either unconnected or has no load
WARNING: [Synth 8-7129] Port b_in in module c_addsub_v12_0_19_legacy__parameterized21 is either unconnected or has no load
WARNING: [Synth 8-7129] Port a_signed in module c_addsub_v12_0_19_legacy__parameterized21 is either unconnected or has no load
WARNING: [Synth 8-7129] Port b_signed in module c_addsub_v12_0_19_legacy__parameterized21 is either unconnected or has no load
WARNING: [Synth 8-7129] Port C_IN in module c_addsub_v12_0_19_viv__parameterized21 is either unconnected or has no load
WARNING: [Synth 8-7129] Port WE in module delay__parameterized55 is either unconnected or has no load
WARNING: [Synth 8-7129] Port CE in module delay__parameterized55 is either unconnected or has no load
WARNING: [Synth 8-7129] Port SCLR in module delay__parameterized55 is either unconnected or has no load
WARNING: [Synth 8-7129] Port CLK in module delay__parameterized55 is either unconnected or has no load
WARNING: [Synth 8-7129] Port WE in module delay__parameterized53 is either unconnected or has no load
WARNING: [Synth 8-7129] Port CE in module delay__parameterized53 is either unconnected or has no load
WARNING: [Synth 8-7129] Port SCLR in module delay__parameterized53 is either unconnected or has no load
WARNING: [Synth 8-7129] Port CLK in module delay__parameterized53 is either unconnected or has no load
WARNING: [Synth 8-7129] Port clk in module c_addsub_v12_0_19_lut6_legacy__parameterized19 is either unconnected or has no load
WARNING: [Synth 8-7129] Port add in module c_addsub_v12_0_19_lut6_legacy__parameterized19 is either unconnected or has no load
WARNING: [Synth 8-7129] Port c_in in module c_addsub_v12_0_19_lut6_legacy__parameterized19 is either unconnected or has no load
WARNING: [Synth 8-7129] Port ce in module c_addsub_v12_0_19_lut6_legacy__parameterized19 is either unconnected or has no load
WARNING: [Synth 8-7129] Port bypass in module c_addsub_v12_0_19_lut6_legacy__parameterized19 is either unconnected or has no load
WARNING: [Synth 8-7129] Port aclr in module c_addsub_v12_0_19_lut6_legacy__parameterized19 is either unconnected or has no load
WARNING: [Synth 8-7129] Port aset in module c_addsub_v12_0_19_lut6_legacy__parameterized19 is either unconnected or has no load
WARNING: [Synth 8-7129] Port ainit in module c_addsub_v12_0_19_lut6_legacy__parameterized19 is either unconnected or has no load
WARNING: [Synth 8-7129] Port sclr in module c_addsub_v12_0_19_lut6_legacy__parameterized19 is either unconnected or has no load
WARNING: [Synth 8-7129] Port sset in module c_addsub_v12_0_19_lut6_legacy__parameterized19 is either unconnected or has no load
WARNING: [Synth 8-7129] Port sinit in module c_addsub_v12_0_19_lut6_legacy__parameterized19 is either unconnected or has no load
WARNING: [Synth 8-7129] Port c_in in module c_addsub_v12_0_19_legacy__parameterized19 is either unconnected or has no load
WARNING: [Synth 8-7129] Port b_in in module c_addsub_v12_0_19_legacy__parameterized19 is either unconnected or has no load
WARNING: [Synth 8-7129] Port a_signed in module c_addsub_v12_0_19_legacy__parameterized19 is either unconnected or has no load
WARNING: [Synth 8-7129] Port b_signed in module c_addsub_v12_0_19_legacy__parameterized19 is either unconnected or has no load
WARNING: [Synth 8-7129] Port C_IN in module c_addsub_v12_0_19_viv__parameterized19 is either unconnected or has no load
WARNING: [Synth 8-7129] Port WE in module delay__parameterized49 is either unconnected or has no load
INFO: [Common 17-14] Message 'Synth 8-7129' appears 100 times and further instances of the messages will be disabled. Use the Tcl command set_msg_config to change the current settings.
---------------------------------------------------------------------------------
Finished RTL Elaboration : Time (s): cpu = 00:00:16 ; elapsed = 00:00:18 . Memory (MB): peak = 1585.148 ; gain = 752.621
---------------------------------------------------------------------------------
---------------------------------------------------------------------------------
Start Handling Custom Attributes
---------------------------------------------------------------------------------
---------------------------------------------------------------------------------
Finished Handling Custom Attributes : Time (s): cpu = 00:00:16 ; elapsed = 00:00:18 . Memory (MB): peak = 1585.148 ; gain = 752.621
---------------------------------------------------------------------------------
---------------------------------------------------------------------------------
Finished RTL Optimization Phase 1 : Time (s): cpu = 00:00:16 ; elapsed = 00:00:18 . Memory (MB): peak = 1585.148 ; gain = 752.621
---------------------------------------------------------------------------------
Netlist sorting complete. Time (s): cpu = 00:00:00 ; elapsed = 00:00:00.028 . Memory (MB): peak = 1585.148 ; gain = 0.000
INFO: [Netlist 29-17] Analyzing 364 Unisim elements for replacement
INFO: [Netlist 29-28] Unisim Transformation completed in 0 CPU seconds
INFO: [Project 1-570] Preparing netlist for logic optimization

Processing XDC Constraints
Initializing timing engine
Parsing XDC File [c:/Users/moham/Desktop/Fpga/Experiment_3/Experiment_3.gen/sources_1/ip/sqrt_cordic/sqrt_cordic_ooc.xdc] for cell 'U0'
Finished Parsing XDC File [c:/Users/moham/Desktop/Fpga/Experiment_3/Experiment_3.gen/sources_1/ip/sqrt_cordic/sqrt_cordic_ooc.xdc] for cell 'U0'
Parsing XDC File [C:/Users/moham/Desktop/Fpga/Experiment_3/Experiment_3.runs/sqrt_cordic_synth_1/dont_touch.xdc]
Finished Parsing XDC File [C:/Users/moham/Desktop/Fpga/Experiment_3/Experiment_3.runs/sqrt_cordic_synth_1/dont_touch.xdc]
Completed Processing XDC Constraints

Netlist sorting complete. Time (s): cpu = 00:00:00 ; elapsed = 00:00:00.001 . Memory (MB): peak = 1641.645 ; gain = 0.000
INFO: [Project 1-111] Unisim Transformation Summary:
No Unisim elements were transformed.

Constraint Validation Runtime : Time (s): cpu = 00:00:00 ; elapsed = 00:00:00.034 . Memory (MB): peak = 1641.746 ; gain = 0.102
INFO: [Designutils 20-5008] Incremental synthesis strategy off
---------------------------------------------------------------------------------
Finished Constraint Validation : Time (s): cpu = 00:00:24 ; elapsed = 00:00:27 . Memory (MB): peak = 1641.746 ; gain = 809.219
---------------------------------------------------------------------------------
---------------------------------------------------------------------------------
Start Loading Part and Timing Information
---------------------------------------------------------------------------------
Loading part: xc7a100tcsg324-1
---------------------------------------------------------------------------------
Finished Loading Part and Timing Information : Time (s): cpu = 00:00:24 ; elapsed = 00:00:27 . Memory (MB): peak = 1641.746 ; gain = 809.219
---------------------------------------------------------------------------------
---------------------------------------------------------------------------------
Start Applying 'set_property' XDC Constraints
---------------------------------------------------------------------------------
Applied set_property KEEP_HIERARCHY = SOFT for U0. (constraint file  C:/Users/moham/Desktop/Fpga/Experiment_3/Experiment_3.runs/sqrt_cordic_synth_1/dont_touch.xdc, line 9).
---------------------------------------------------------------------------------
Finished applying 'set_property' XDC Constraints : Time (s): cpu = 00:00:24 ; elapsed = 00:00:27 . Memory (MB): peak = 1641.746 ; gain = 809.219
---------------------------------------------------------------------------------
---------------------------------------------------------------------------------
Finished RTL Optimization Phase 2 : Time (s): cpu = 00:00:25 ; elapsed = 00:00:28 . Memory (MB): peak = 1641.746 ; gain = 809.219
---------------------------------------------------------------------------------
---------------------------------------------------------------------------------
Start RTL Component Statistics 
---------------------------------------------------------------------------------
---------------------------------------------------------------------------------
Finished RTL Component Statistics 
---------------------------------------------------------------------------------
---------------------------------------------------------------------------------
Start Part Resource Summary
---------------------------------------------------------------------------------
Part Resources:
DSPs: 240 (col length:80)
BRAMs: 270 (col length: RAMB18 80 RAMB36 40)
---------------------------------------------------------------------------------
Finished Part Resource Summary
---------------------------------------------------------------------------------
---------------------------------------------------------------------------------
Start Cross Boundary and Area Optimization
---------------------------------------------------------------------------------
WARNING: [Synth 8-7080] Parallel synthesis criteria is not met
---------------------------------------------------------------------------------
Finished Cross Boundary and Area Optimization : Time (s): cpu = 00:00:27 ; elapsed = 00:00:30 . Memory (MB): peak = 1641.746 ; gain = 809.219
---------------------------------------------------------------------------------
---------------------------------------------------------------------------------
Start Applying XDC Timing Constraints
---------------------------------------------------------------------------------
---------------------------------------------------------------------------------
Finished Applying XDC Timing Constraints : Time (s): cpu = 00:00:32 ; elapsed = 00:00:35 . Memory (MB): peak = 1641.746 ; gain = 809.219
---------------------------------------------------------------------------------
---------------------------------------------------------------------------------
Start Timing Optimization
---------------------------------------------------------------------------------
---------------------------------------------------------------------------------
Finished Timing Optimization : Time (s): cpu = 00:00:32 ; elapsed = 00:00:35 . Memory (MB): peak = 1641.746 ; gain = 809.219
---------------------------------------------------------------------------------
---------------------------------------------------------------------------------
Start Technology Mapping
---------------------------------------------------------------------------------
---------------------------------------------------------------------------------
Finished Technology Mapping : Time (s): cpu = 00:00:32 ; elapsed = 00:00:35 . Memory (MB): peak = 1643.559 ; gain = 811.031
---------------------------------------------------------------------------------
---------------------------------------------------------------------------------
Start IO Insertion
---------------------------------------------------------------------------------
---------------------------------------------------------------------------------
Start Flattening Before IO Insertion
---------------------------------------------------------------------------------
---------------------------------------------------------------------------------
Finished Flattening Before IO Insertion
---------------------------------------------------------------------------------
---------------------------------------------------------------------------------
Start Final Netlist Cleanup
---------------------------------------------------------------------------------
---------------------------------------------------------------------------------
Finished Final Netlist Cleanup
---------------------------------------------------------------------------------
---------------------------------------------------------------------------------
Finished IO Insertion : Time (s): cpu = 00:00:36 ; elapsed = 00:00:40 . Memory (MB): peak = 1840.535 ; gain = 1008.008
---------------------------------------------------------------------------------
---------------------------------------------------------------------------------
Start Renaming Generated Instances
---------------------------------------------------------------------------------
---------------------------------------------------------------------------------
Finished Renaming Generated Instances : Time (s): cpu = 00:00:36 ; elapsed = 00:00:40 . Memory (MB): peak = 1840.535 ; gain = 1008.008
---------------------------------------------------------------------------------
---------------------------------------------------------------------------------
Start Rebuilding User Hierarchy
---------------------------------------------------------------------------------
---------------------------------------------------------------------------------
Finished Rebuilding User Hierarchy : Time (s): cpu = 00:00:36 ; elapsed = 00:00:40 . Memory (MB): peak = 1840.535 ; gain = 1008.008
---------------------------------------------------------------------------------
---------------------------------------------------------------------------------
Start Renaming Generated Ports
---------------------------------------------------------------------------------
---------------------------------------------------------------------------------
Finished Renaming Generated Ports : Time (s): cpu = 00:00:36 ; elapsed = 00:00:40 . Memory (MB): peak = 1840.535 ; gain = 1008.008
---------------------------------------------------------------------------------
---------------------------------------------------------------------------------
Start Handling Custom Attributes
---------------------------------------------------------------------------------
---------------------------------------------------------------------------------
Finished Handling Custom Attributes : Time (s): cpu = 00:00:36 ; elapsed = 00:00:40 . Memory (MB): peak = 1840.535 ; gain = 1008.008
---------------------------------------------------------------------------------
---------------------------------------------------------------------------------
Start Renaming Generated Nets
---------------------------------------------------------------------------------
---------------------------------------------------------------------------------
Finished Renaming Generated Nets : Time (s): cpu = 00:00:36 ; elapsed = 00:00:40 . Memory (MB): peak = 1840.535 ; gain = 1008.008
---------------------------------------------------------------------------------
---------------------------------------------------------------------------------
Start Writing Synthesis Report
---------------------------------------------------------------------------------

Report BlackBoxes: 
+-+--------------+----------+
| |BlackBox name |Instances |
+-+--------------+----------+
+-+--------------+----------+

Report Cell Usage: 
+------+-------+------+
|      |Cell   |Count |
+------+-------+------+
|1     |LUT1   |    58|
|2     |LUT2   |   123|
|3     |LUT3   |   111|
|4     |LUT4   |     1|
|5     |LUT5   |    60|
|6     |LUT6   |    12|
|7     |MUXCY  |   161|
|8     |SRL16E |    41|
|9     |XORCY  |   144|
|10    |FDRE   |   281|
+------+-------+------+
---------------------------------------------------------------------------------
Finished Writing Synthesis Report : Time (s): cpu = 00:00:36 ; elapsed = 00:00:40 . Memory (MB): peak = 1840.535 ; gain = 1008.008
---------------------------------------------------------------------------------
Synthesis finished with 0 errors, 0 critical warnings and 166 warnings.
Synthesis Optimization Runtime : Time (s): cpu = 00:00:18 ; elapsed = 00:00:37 . Memory (MB): peak = 1840.535 ; gain = 951.410
Synthesis Optimization Complete : Time (s): cpu = 00:00:36 ; elapsed = 00:00:40 . Memory (MB): peak = 1840.535 ; gain = 1008.008
INFO: [Project 1-571] Translating synthesized netlist
Netlist sorting complete. Time (s): cpu = 00:00:00 ; elapsed = 00:00:00.010 . Memory (MB): peak = 1840.535 ; gain = 0.000
INFO: [Netlist 29-17] Analyzing 305 Unisim elements for replacement
INFO: [Netlist 29-28] Unisim Transformation completed in 0 CPU seconds
INFO: [Project 1-570] Preparing netlist for logic optimization
INFO: [Opt 31-138] Pushed 0 inverter(s) to 0 load pin(s).
Netlist sorting complete. Time (s): cpu = 00:00:00 ; elapsed = 00:00:00.001 . Memory (MB): peak = 1849.336 ; gain = 0.000
INFO: [Project 1-111] Unisim Transformation Summary:
  A total of 49 instances were transformed.
  (MUXCY,XORCY) => CARRY4: 49 instances

Synth Design complete | Checksum: 97c4a2aa
INFO: [Common 17-83] Releasing license: Synthesis
22 Infos, 101 Warnings, 0 Critical Warnings and 0 Errors encountered.
synth_design completed successfully
synth_design: Time (s): cpu = 00:00:39 ; elapsed = 00:00:45 . Memory (MB): peak = 1849.336 ; gain = 1218.555
Write ShapeDB Complete: Time (s): cpu = 00:00:00 ; elapsed = 00:00:00.003 . Memory (MB): peak = 1849.336 ; gain = 0.000
INFO: [Common 17-1381] The checkpoint 'C:/Users/moham/Desktop/Fpga/Experiment_3/Experiment_3.runs/sqrt_cordic_synth_1/sqrt_cordic.dcp' has been generated.
INFO: [Coretcl 2-1648] Added synthesis output to IP cache for IP sqrt_cordic, cache-ID = d402ff75f38c30e2
INFO: [Coretcl 2-1174] Renamed 122 cell refs.
Write ShapeDB Complete: Time (s): cpu = 00:00:00 ; elapsed = 00:00:00.002 . Memory (MB): peak = 1849.336 ; gain = 0.000
INFO: [Common 17-1381] The checkpoint 'C:/Users/moham/Desktop/Fpga/Experiment_3/Experiment_3.runs/sqrt_cordic_synth_1/sqrt_cordic.dcp' has been generated.
INFO: [Vivado 12-24828] Executing command : report_utilization -file sqrt_cordic_utilization_synth.rpt -pb sqrt_cordic_utilization_synth.pb
INFO: [Common 17-206] Exiting Vivado at Thu Jun  5 14:44:22 2025...
